generate model final episode:99, average travel time:334.2142361111111
----------------------------------------------------


-------------------------------------
-------------------------------------
mask_pos = [0]
Final Travel Time is 334.5819
inference network training data preparation finished
----------------------------------------------------
infer = sfm, control = maxpressure
thread:8, action interval:20
runtime:0, average travel time:339.484375
-----------------------------------------------------
infer = sfm, control = CopyDQN
thread:8, action interval:20
runtime:0, average travel time:342.6972222222222
-----------------------------------------------------
infer = sfm, control = IDQN
episode:0, Train:698.2423611111111
episode:0, Test:1810.0
episode:1, Train:694.7569444444445
episode:1, Test:1810.0
episode:2, Train:703.5614583333333
episode:2, Test:1810.0
episode:3, Train:659.6923611111112
episode:3, Test:1810.0
episode:4, Train:694.9871527777777
episode:4, Test:1810.0
episode:5, Train:866.3965277777778
episode:5, Test:1739.9402777777777
episode:6, Train:745.9434027777778
episode:6, Test:482.9145833333333
episode:7, Train:398.1920138888889
episode:7, Test:496.715625
episode:8, Train:412.65625
episode:8, Test:633.0645833333333
episode:9, Train:415.0565972222222
episode:9, Test:638.2197916666667
episode:10, Train:426.2159722222222
episode:10, Test:577.6184027777778
episode:11, Train:377.21944444444443
episode:11, Test:548.8545138888888
episode:12, Train:425.57430555555555
episode:12, Test:510.6621527777778
episode:13, Train:379.73784722222223
episode:13, Test:640.5194444444444
episode:14, Train:383.65763888888887
episode:14, Test:533.0732638888888
episode:15, Train:366.44097222222223
episode:15, Test:532.4347222222223
episode:16, Train:364.11840277777776
episode:16, Test:527.7451388888888
episode:17, Train:386.8097222222222
episode:17, Test:527.4006944444444
episode:18, Train:374.35729166666664
episode:18, Test:532.9375
episode:19, Train:348.56631944444445
episode:19, Test:337.6225694444444
episode:20, Train:364.65555555555557
episode:20, Test:526.2743055555555
episode:21, Train:360.015625
episode:21, Test:533.5420138888888
episode:22, Train:354.48819444444445
episode:22, Test:390.12569444444443
episode:23, Train:394.86076388888887
episode:23, Test:375.72222222222223
episode:24, Train:367.15486111111113
episode:24, Test:536.871875
episode:25, Train:362.30625
episode:25, Test:404.9142361111111
episode:26, Train:362.15277777777777
episode:26, Test:436.0722222222222
episode:27, Train:375.2496527777778
episode:27, Test:343.790625
episode:28, Train:347.1361111111111
episode:28, Test:340.8388888888889
episode:29, Train:351.09583333333336
episode:29, Test:562.4944444444444
episode:30, Train:353.5184027777778
episode:30, Test:407.95416666666665
episode:31, Train:346.7871527777778
episode:31, Test:344.8829861111111
episode:32, Train:346.7625
episode:32, Test:332.44618055555554
episode:33, Train:345.57465277777777
episode:33, Test:337.87708333333336
episode:34, Train:342.1822916666667
episode:34, Test:340.00555555555553
episode:35, Train:340.14131944444443
episode:35, Test:340.04340277777777
episode:36, Train:343.43125
episode:36, Test:342.65729166666665
episode:37, Train:336.24652777777777
episode:37, Test:342.7684027777778
episode:38, Train:337.2611111111111
episode:38, Test:335.434375
episode:39, Train:337.67256944444443
episode:39, Test:334.03263888888887
episode:40, Train:335.1277777777778
episode:40, Test:331.26145833333334
episode:41, Train:334.9378472222222
episode:41, Test:331.45243055555557
episode:42, Train:337.3305555555556
episode:42, Test:341.76701388888887
episode:43, Train:334.81944444444446
episode:43, Test:332.53784722222224
episode:44, Train:337.3569444444444
episode:44, Test:340.1204861111111
episode:45, Train:337.15520833333335
episode:45, Test:335.1972222222222
episode:46, Train:338.8076388888889
episode:46, Test:336.09583333333336
episode:47, Train:337.1069444444444
episode:47, Test:333.3666666666667
episode:48, Train:338.94965277777777
episode:48, Test:336.0236111111111
episode:49, Train:337.59583333333336
episode:49, Test:333.86875
episode:50, Train:338.15486111111113
episode:50, Test:333.66493055555554
episode:51, Train:341.77777777777777
episode:51, Test:333.571875
episode:52, Train:338.6559027777778
episode:52, Test:335.6190972222222
episode:53, Train:338.7114583333333
episode:53, Test:337.66319444444446
episode:54, Train:334.7545138888889
episode:54, Test:330.4121527777778
episode:55, Train:338.5864583333333
episode:55, Test:335.2795138888889
episode:56, Train:340.63854166666664
episode:56, Test:336.003125
episode:57, Train:337.2395833333333
episode:57, Test:333.1947916666667
episode:58, Train:338.49131944444446
episode:58, Test:331.68541666666664
episode:59, Train:341.746875
episode:59, Test:342.33472222222224
episode:60, Train:337.8256944444444
episode:60, Test:330.74131944444446
episode:61, Train:338.03819444444446
episode:61, Test:333.88506944444447
episode:62, Train:333.8454861111111
episode:62, Test:334.11805555555554
episode:63, Train:338.3177083333333
episode:63, Test:331.10868055555557
episode:64, Train:335.6177083333333
episode:64, Test:333.4513888888889
episode:65, Train:335.00902777777776
episode:65, Test:340.04270833333334
episode:66, Train:337.99305555555554
episode:66, Test:549.121875
episode:67, Train:337.2923611111111
episode:67, Test:336.06597222222223
episode:68, Train:337.66770833333334
episode:68, Test:335.7184027777778
episode:69, Train:338.8232638888889
episode:69, Test:333.55694444444447
episode:70, Train:339.165625
episode:70, Test:335.04895833333336
episode:71, Train:334.9736111111111
episode:71, Test:337.4982638888889
episode:72, Train:337.3125
episode:72, Test:335.053125
episode:73, Train:335.9399305555556
episode:73, Test:331.06597222222223
episode:74, Train:337.78472222222223
episode:74, Test:331.4479166666667
episode:75, Train:338.3673611111111
episode:75, Test:332.5545138888889
episode:76, Train:336.5385416666667
episode:76, Test:333.10243055555554
episode:77, Train:335.54270833333334
episode:77, Test:333.67847222222224
episode:78, Train:335.89618055555553
episode:78, Test:332.81909722222224
episode:79, Train:336.51770833333336
episode:79, Test:335.56458333333336
episode:80, Train:337.7920138888889
episode:80, Test:335.0472222222222
episode:81, Train:338.18611111111113
episode:81, Test:335.93055555555554
episode:82, Train:334.2815972222222
episode:82, Test:331.0159722222222
episode:83, Train:333.01006944444447
episode:83, Test:335.38993055555557
episode:84, Train:335.54756944444443
episode:84, Test:335.67569444444445
episode:85, Train:337.14965277777776
episode:85, Test:338.0104166666667
episode:86, Train:334.746875
episode:86, Test:335.9135416666667
episode:87, Train:336.49930555555557
episode:87, Test:332.89965277777776
episode:88, Train:333.54618055555557
episode:88, Test:333.83819444444447
episode:89, Train:340.15729166666665
episode:89, Test:332.6923611111111
episode:90, Train:337.37847222222223
episode:90, Test:340.00868055555554
episode:91, Train:334.0045138888889
episode:91, Test:332.87916666666666
episode:92, Train:336.5104166666667
episode:92, Test:335.65069444444447
episode:93, Train:334.92881944444446
episode:93, Test:335.52777777777777
episode:94, Train:337.890625
episode:94, Test:330.16041666666666
episode:95, Train:336.240625
episode:95, Test:333.71736111111113
episode:96, Train:334.4003472222222
episode:96, Test:338.0670138888889
episode:97, Train:335.73506944444443
episode:97, Test:333.96493055555555
episode:98, Train:334.78993055555554
episode:98, Test:332.66875
episode:99, Train:334.12152777777777
episode:99, Test:337.36041666666665
-----------------------------------------------------
infer = no, control = maxpressure
thread:8, action interval:20
runtime:0, average travel time:357.62291666666664
-----------------------------------------------------
infer = no, control = CopyDQN
thread:8, action interval:20
runtime:0, average travel time:357.4795138888889
-----------------------------------------------------
infer = no, control = IDQN
thread:8, action interval:20
runtime:0, average travel time:351.24131944444446
-----------------------------------------------------


-------------------------------------
-------------------------------------
